<?xml version="1.0" encoding="UTF-8"?>
<testng-results skipped="0" failed="0" total="1" passed="1">
  <reporter-output>
  </reporter-output>
  <suite name="Suite" duration-ms="67442" started-at="2021-04-02T18:17:08Z" finished-at="2021-04-02T18:18:16Z">
    <groups>
      <group name="cucumber">
        <method signature="AbstractTestNGCucumberTests.feature(cucumber.api.testng.CucumberFeatureWrapper)[pri:0, instance:TestRunners.TestRunner@516be40f]" name="feature" class="cucumber.api.testng.AbstractTestNGCucumberTests"/>
      </group> <!-- cucumber -->
    </groups>
    <test name="Test" duration-ms="67442" started-at="2021-04-02T18:17:08Z" finished-at="2021-04-02T18:18:16Z">
      <class name="TestRunners.TestRunner">
        <test-method status="PASS" signature="setUpClass()[pri:0, instance:TestRunners.TestRunner@516be40f]" name="setUpClass" is-config="true" duration-ms="158" started-at="2021-04-02T23:47:08Z" finished-at="2021-04-02T23:47:08Z">
          <reporter-output>
          </reporter-output>
        </test-method> <!-- setUpClass -->
        <test-method status="PASS" signature="feature(cucumber.api.testng.CucumberFeatureWrapper)[pri:0, instance:TestRunners.TestRunner@516be40f]" name="feature" duration-ms="66849" started-at="2021-04-02T23:47:08Z" description="Runs Cucumber Feature" data-provider="features" finished-at="2021-04-02T23:48:15Z">
          <params>
            <param index="0">
              <value>
                <![CDATA[Create user in mailchimp application]]>
              </value>
            </param>
          </params>
          <reporter-output>
          </reporter-output>
        </test-method> <!-- feature -->
        <test-method status="PASS" signature="tearDownClass()[pri:0, instance:TestRunners.TestRunner@516be40f]" name="tearDownClass" is-config="true" duration-ms="364" started-at="2021-04-02T23:48:15Z" finished-at="2021-04-02T23:48:16Z">
          <reporter-output>
          </reporter-output>
        </test-method> <!-- tearDownClass -->
      </class> <!-- TestRunners.TestRunner -->
    </test> <!-- Test -->
  </suite> <!-- Suite -->
</testng-results>
